C51 COMPILER V9.59.0.0   55                                                                10/14/2024 11:08:53 PAGE 1   


C51 COMPILER V9.59.0.0, COMPILATION OF MODULE 55
OBJECT MODULE PLACED IN .\Objects\55.obj
COMPILER INVOKED BY: C:\Keil_v5\C51\BIN\C51.EXE 55.c OPTIMIZE(8,SPEED) BROWSE DEBUG OBJECTEXTEND PRINT(.\Listings\55.lst
                    -) TABS(2) OBJECT(.\Objects\55.obj)

line level    source

   1          #include<reg52.h> 
   2          #define uchar unsigned char 
   3          #define uint unsigned int 
   4          sbit dula=P2^6; 
   5          sbit wela=P2^7; 
   6          uchar code table[]={0x3f,0x06,0x5b,0x4f,
   7                              0x66,0x6d,0x7d,0x07,
   8                              0x7f,0x6f,0x77,0x7c,
   9                              0x39,0x5e,0x79,0x71};
  10          void delayms(uint); 
  11          void main()
  12          {
  13   1        while(1)
  14   1          {
  15   2            dula=1; 
  16   2            P0=table[1]; 
  17   2            dula=0; 
  18   2            P0=0xff;
  19   2            wela=1; 
  20   2            P0=0xfe; 
  21   2            wela=0; 
  22   2            delayms(5); 
  23   2            dula=1; 
  24   2            P0=table[2]; 
  25   2            dula=0; 
  26   2            P0=0xff; 
  27   2            wela=1; 
  28   2            P0=0xfd; 
  29   2            wela=0; 
  30   2            delayms(5);   
  31   2            dula=1; 
  32   2            P0=table[3]; 
  33   2            dula=0; 
  34   2            P0=0xff; 
  35   2            wela=1; 
  36   2            P0=0xfb; 
  37   2            wela=0; 
  38   2            delayms(5); 
  39   2            dula=1;
  40   2            P0=table[4];
  41   2            dula=0; 
  42   2            P0=0xff; 
  43   2            wela=1; 
  44   2            P0=0xf7;
  45   2            wela=0; 
  46   2            delayms(5); 
  47   2            dula=1; 
  48   2            P0=table[5]; 
  49   2            dula=0; 
  50   2            P0=0xff; 
  51   2            wela=1; 
  52   2            P0=0xef; 
  53   2            wela=0; 
  54   2            delayms(5); 
C51 COMPILER V9.59.0.0   55                                                                10/14/2024 11:08:53 PAGE 2   

  55   2            dula=1;
  56   2            P0=table[6];
  57   2            dula=0;
  58   2            P0=0xff;
  59   2            wela=1;
  60   2            P0=0xdf;
  61   2            wela=0;
  62   2            delayms(5);
  63   2          }
  64   1        }
  65                void delayms(uint xms)
  66                {
  67   1              uint i,j; 
  68   1              for(i=xms;i>0;i--)
  69   1                 for(j=110;j>0;j--);
  70   1            }


MODULE INFORMATION:   STATIC OVERLAYABLE
   CODE SIZE        =    171    ----
   CONSTANT SIZE    =     16    ----
   XDATA SIZE       =   ----    ----
   PDATA SIZE       =   ----    ----
   DATA SIZE        =   ----    ----
   IDATA SIZE       =   ----    ----
   BIT SIZE         =   ----    ----
END OF MODULE INFORMATION.


C51 COMPILATION COMPLETE.  0 WARNING(S),  0 ERROR(S)
