C51 COMPILER V9.59.0.0   789                                                               12/02/2024 15:36:56 PAGE 1   


C51 COMPILER V9.59.0.0, COMPILATION OF MODULE 789
OBJECT MODULE PLACED IN .\Objects\789.obj
COMPILER INVOKED BY: C:\Keil_v5\C51\BIN\C51.EXE 789.c OPTIMIZE(8,SPEED) BROWSE DEBUG OBJECTEXTEND PRINT(.\Listings\789.l
                    -st) TABS(2) OBJECT(.\Objects\789.obj)

line level    source

   1          #include<reg52.h>
   2          #define uchar unsigned char 
   3          #define uint unsigned int
   4          sbit dula=P2^6;
   5          sbit wela=P2^7;
   6          sbit dawr=P3^6;
   7          sbit dacs=P3^2;
   8          sbit beep=P2^3;
   9          void delayms(uint xms)
  10          {
  11   1        uint i,j;
  12   1        for(i=xms;i>0;i--)
  13   1        for(j=110;j>0;j--);
  14   1      }
  15          void main()
  16          {
  17   1        uchar val,flag;
  18   1        dula=0;
  19   1        wela=0;
  20   1        dacs=0;
  21   1        dawr=0;
  22   1        P0=0;
  23   1        while(1)
  24   1        {
  25   2          if(flag==0)
  26   2          {
  27   3            val +=5;
  28   3            P0=val;
  29   3            if(val ==255)
  30   3            {
  31   4              flag=1;
  32   4              beep=0;
  33   4              delayms(100);
  34   4              beep=1;
  35   4            }
  36   3            delayms(50);
  37   3          }
  38   2          else
  39   2          {
  40   3            val-= 5;
  41   3            P0=val;
  42   3            if(val == 0)
  43   3            {
  44   4              flag=0;
  45   4              beep=0;
  46   4              delayms(100);
  47   4              beep=1;
  48   4            }
  49   3            delayms(50);
  50   3          }
  51   2        }
  52   1      }


C51 COMPILER V9.59.0.0   789                                                               12/02/2024 15:36:56 PAGE 2   

MODULE INFORMATION:   STATIC OVERLAYABLE
   CODE SIZE        =    110    ----
   CONSTANT SIZE    =   ----    ----
   XDATA SIZE       =   ----    ----
   PDATA SIZE       =   ----    ----
   DATA SIZE        =   ----       1
   IDATA SIZE       =   ----    ----
   BIT SIZE         =   ----    ----
END OF MODULE INFORMATION.


C51 COMPILATION COMPLETE.  0 WARNING(S),  0 ERROR(S)
